<?xml version="1.0" encoding="UTF-8"?>
<!-- Generated by org.testng.reporters.JUnitReportReporter -->
<testsuite hostname="DESKTOP-DRKAESQ" failures="0" tests="2" name="runnerScript.ParallelRunner" time="19.303" errors="0" timestamp="2024-12-03T12:20:30 IST" skipped="0">
  <testcase classname="runnerScript.ParallelRunner" name="login1" time="13.160"/>
  <testcase classname="runnerScript.ParallelRunner" name="login1" time="6.143"/>
</testsuite> <!-- runnerScript.ParallelRunner -->
