<?xml version="1.0" encoding="UTF-8"?>
<!-- Generated by org.testng.reporters.JUnitReportReporter -->
<testsuite hostname="DESKTOP-DRKAESQ" failures="0" tests="4" name="TestNG.Script2" time="0.016" errors="0" timestamp="2024-11-27T11:59:44 IST" skipped="1">
  <testcase classname="TestNG.Script2" name="signup" time="0.014"/>
  <testcase classname="TestNG.Script2" name="homepage" time="0.001"/>
  <testcase classname="TestNG.Script2" name="logout" time="0.001"/>
  <testcase classname="TestNG.Script2" name="login">
    <skipped/>
  </testcase> <!-- login -->
  <system-out>
    <![CDATA[Hiii
Hiii
Hello
Good Morning]]>
  </system-out>
</testsuite> <!-- TestNG.Script2 -->
