<?xml version="1.0" encoding="UTF-8"?>
<!-- Generated by org.testng.reporters.JUnitReportReporter -->
<testsuite hostname="DESKTOP-DRKAESQ" failures="0" tests="1" name="TestNGFramework.TestScript1" time="8.310" errors="0" timestamp="2024-11-28T22:08:18 IST" skipped="0">
  <testcase classname="TestNGFramework.TestScript1" name="usn1" time="8.310"/>
</testsuite> <!-- TestNGFramework.TestScript1 -->
