<?xml version="1.0" encoding="UTF-8"?>
<!-- Generated by org.testng.reporters.JUnitReportReporter -->
<testsuite hostname="DESKTOP-DRKAESQ" failures="0" tests="2" name="TestNG.Script" time="0.002" errors="0" timestamp="2024-11-27T11:59:44 IST" skipped="0">
  <testcase classname="TestNG.Script" name="Testcase1" time="0.001">
    <system-out>
      <![CDATA[Good Morning]]>
    </system-out>
  </testcase> <!-- Testcase1 -->
  <testcase classname="TestNG.Script" name="Testcase" time="0.001">
    <system-out>
      <![CDATA[Hello]]>
    </system-out>
  </testcase> <!-- Testcase -->
  <system-out>
    <![CDATA[Hiii
Hiii
Hello
Good Morning]]>
  </system-out>
</testsuite> <!-- TestNG.Script -->
