<?xml version="1.0" encoding="UTF-8"?>
<!-- Generated by org.testng.reporters.JUnitReportReporter -->
<testsuite hostname="DESKTOP-DRKAESQ" failures="0" tests="2" name="TestNG.Script1" time="0.003" errors="0" timestamp="2024-11-27T11:59:44 IST" skipped="0">
  <testcase classname="TestNG.Script1" name="testcase2" time="0.001">
    <system-out>
      <![CDATA[Hiii]]>
    </system-out>
  </testcase> <!-- testcase2 -->
  <testcase classname="TestNG.Script1" name="testcase2" time="0.002">
    <system-out>
      <![CDATA[Hiii]]>
    </system-out>
  </testcase> <!-- testcase2 -->
  <system-out>
    <![CDATA[Hiii
Hiii
Hello
Good Morning]]>
  </system-out>
</testsuite> <!-- TestNG.Script1 -->
