<?xml version="1.0" encoding="UTF-8"?>
<!-- Generated by org.testng.reporters.JUnitReportReporter -->
<testsuite hostname="DESKTOP-DRKAESQ" failures="0" tests="1" name="Assertion.Script2" time="3.266" errors="0" timestamp="2024-12-06T11:47:38 IST" skipped="0">
  <testcase classname="Assertion.Script2" name="testcase" time="3.266"/>
</testsuite> <!-- Assertion.Script2 -->
