<?xml version="1.0" encoding="UTF-8"?>
<!-- Generated by org.testng.reporters.JUnitReportReporter -->
<testsuite hostname="DESKTOP-DRKAESQ" failures="0" tests="1" name="TestNGFramework.Testcase2" time="6.464" errors="0" timestamp="2024-11-28T22:08:18 IST" skipped="0">
  <testcase classname="TestNGFramework.Testcase2" name="psw" time="6.464"/>
</testsuite> <!-- TestNGFramework.Testcase2 -->
