<?xml version="1.0" encoding="UTF-8"?>
<!-- Generated by org.testng.reporters.JUnitReportReporter -->
<testsuite hostname="DESKTOP-DRKAESQ" failures="0" tests="1" name="Assertion.Script" time="2.884" errors="0" timestamp="2024-12-06T11:42:44 IST" skipped="0">
  <testcase classname="Assertion.Script" name="testcase" time="2.884"/>
</testsuite> <!-- Assertion.Script -->
