<?xml version="1.0" encoding="UTF-8"?>
<!-- Generated by org.testng.reporters.JUnitReportReporter -->
<testsuite hostname="DESKTOP-DRKAESQ" failures="0" tests="2" name="runnerScript.Testcase1" time="18.713" errors="0" timestamp="2024-12-03T11:55:08 IST" skipped="0">
  <testcase classname="runnerScript.Testcase1" name="login" time="9.378"/>
  <testcase classname="runnerScript.Testcase1" name="login" time="9.335"/>
</testsuite> <!-- runnerScript.Testcase1 -->
