<?xml version="1.0" encoding="UTF-8"?>
<!-- Generated by org.testng.reporters.JUnitReportReporter -->
<testsuite hostname="DESKTOP-DRKAESQ" failures="0" tests="4" name="TestNG.Script3" time="0.007" errors="0" timestamp="2024-11-27T11:59:44 IST" skipped="0">
  <testcase classname="TestNG.Script3" name="signup" time="0.002"/>
  <testcase classname="TestNG.Script3" name="homepage" time="0.002"/>
  <testcase classname="TestNG.Script3" name="logout" time="0.002"/>
  <testcase classname="TestNG.Script3" name="login" time="0.001"/>
  <system-out>
    <![CDATA[Hiii
Hiii
Hello
Good Morning]]>
  </system-out>
</testsuite> <!-- TestNG.Script3 -->
