<?xml version="1.0" encoding="UTF-8"?>
<!-- Generated by org.testng.reporters.JUnitReportReporter -->
<testsuite hostname="DESKTOP-DRKAESQ" failures="0" tests="1" name="TestNGFramework.Testcase3" time="4.472" errors="0" timestamp="2024-11-28T22:08:18 IST" skipped="0">
  <testcase classname="TestNGFramework.Testcase3" name="title" time="4.472"/>
</testsuite> <!-- TestNGFramework.Testcase3 -->
